<?xml version="1.0" encoding="UTF-8"?>
<testng-results skipped="0" failed="1" ignored="0" total="2" passed="1">
  <reporter-output>
  </reporter-output>
  <suite name="Default suite" duration-ms="17047" started-at="2020-10-04T02:12:15Z" finished-at="2020-10-04T02:12:32Z">
    <groups>
    </groups>
    <test name="Default test" duration-ms="17047" started-at="2020-10-04T02:12:15Z" finished-at="2020-10-04T02:12:32Z">
      <class name="ExtentReportScreenshot.ExtentReportScreenshot.FreeCRMTest">
        <test-method status="PASS" signature="setExtent()[pri:0, instance:ExtentReportScreenshot.ExtentReportScreenshot.FreeCRMTest@358c99f5]" name="setExtent" is-config="true" duration-ms="242" started-at="2020-10-03T21:12:15Z" finished-at="2020-10-03T21:12:15Z">
          <reporter-output>
          </reporter-output>
        </test-method> <!-- setExtent -->
        <test-method status="PASS" signature="setup()[pri:0, instance:ExtentReportScreenshot.ExtentReportScreenshot.FreeCRMTest@358c99f5]" name="setup" is-config="true" duration-ms="2905" started-at="2020-10-03T21:12:15Z" finished-at="2020-10-03T21:12:18Z">
          <reporter-output>
          </reporter-output>
        </test-method> <!-- setup -->
        <test-method status="PASS" signature="freeCrmTitleTest()[pri:0, instance:ExtentReportScreenshot.ExtentReportScreenshot.FreeCRMTest@358c99f5]" name="freeCrmTitleTest" duration-ms="447" started-at="2020-10-03T21:12:18Z" finished-at="2020-10-03T21:12:18Z">
          <reporter-output>
          </reporter-output>
        </test-method> <!-- freeCrmTitleTest -->
        <test-method status="PASS" signature="tearDown(org.testng.ITestResult)[pri:0, instance:ExtentReportScreenshot.ExtentReportScreenshot.FreeCRMTest@358c99f5]" name="tearDown" is-config="true" duration-ms="97" started-at="2020-10-03T21:12:18Z" finished-at="2020-10-03T21:12:18Z">
          <params>
            <param index="0">
              <value>
                <![CDATA[[TestResult name=freeCrmTitleTest status=SUCCESS method=FreeCRMTest.freeCrmTitleTest()[pri:0, instance:ExtentReportScreenshot.ExtentReportScreenshot.FreeCRMTest@358c99f5] output={null}]]]>
              </value>
            </param>
          </params>
          <reporter-output>
          </reporter-output>
        </test-method> <!-- tearDown -->
        <test-method status="PASS" signature="setup()[pri:0, instance:ExtentReportScreenshot.ExtentReportScreenshot.FreeCRMTest@358c99f5]" name="setup" is-config="true" duration-ms="2161" started-at="2020-10-03T21:12:18Z" finished-at="2020-10-03T21:12:20Z">
          <reporter-output>
          </reporter-output>
        </test-method> <!-- setup -->
        <test-method status="FAIL" signature="freemCRMLogoTest()[pri:0, instance:ExtentReportScreenshot.ExtentReportScreenshot.FreeCRMTest@358c99f5]" name="freemCRMLogoTest" duration-ms="10097" started-at="2020-10-03T21:12:20Z" finished-at="2020-10-03T21:12:31Z">
          <exception class="org.openqa.selenium.NoSuchElementException">
            <message>
              <![CDATA[no such element: Unable to locate element: {"method":"xpath","selector":"//a[@title='free crm home' and @class='brand-']"}
  (Session info: chrome=85.0.4183.121)
For documentation on this error, please visit: http://seleniumhq.org/exceptions/no_such_element.html
Build info: version: '3.5.3', revision: 'a88d25fe6b', time: '2017-08-29T12:42:44.417Z'
System info: host: 'Ajitas-MBP.attlocal.net', ip: 'fe80:0:0:0:804:84cc:5fff:405f%en0', os.name: 'Mac OS X', os.arch: 'x86_64', os.version: '10.15.6', java.version: '1.8.0_221'
Driver info: org.openqa.selenium.chrome.ChromeDriver
Capabilities [{networkConnectionEnabled=false, chrome={chromedriverVersion=84.0.4147.30 (48b3e868b4cc0aa7e8149519690b6f6949e110a8-refs/branch-heads/4147@{#310}), userDataDir=/var/folders/gt/jhby3s911yn0krdbvk16f94m0000gn/T/.com.google.Chrome.6E3epe}, timeouts={implicit=0, pageLoad=300000, script=30000}, pageLoadStrategy=normal, unhandledPromptBehavior=dismiss and notify, strictFileInteractability=false, platform=MAC, proxy=Proxy(), goog:chromeOptions={debuggerAddress=localhost:53933}, acceptInsecureCerts=false, browserVersion=85.0.4183.121, browserName=chrome, javascriptEnabled=true, platformName=MAC, setWindowRect=true, webauthn:virtualAuthenticators=true}]
Session ID: 0a13deed9da2c59f1f550cb96fe2ec5a
*** Element info: {Using=xpath, value=//a[@title='free crm home' and @class='brand-']}]]>
            </message>
            <full-stacktrace>
              <![CDATA[org.openqa.selenium.NoSuchElementException: no such element: Unable to locate element: {"method":"xpath","selector":"//a[@title='free crm home' and @class='brand-']"}
  (Session info: chrome=85.0.4183.121)
For documentation on this error, please visit: http://seleniumhq.org/exceptions/no_such_element.html
Build info: version: '3.5.3', revision: 'a88d25fe6b', time: '2017-08-29T12:42:44.417Z'
System info: host: 'Ajitas-MBP.attlocal.net', ip: 'fe80:0:0:0:804:84cc:5fff:405f%en0', os.name: 'Mac OS X', os.arch: 'x86_64', os.version: '10.15.6', java.version: '1.8.0_221'
Driver info: org.openqa.selenium.chrome.ChromeDriver
Capabilities [{networkConnectionEnabled=false, chrome={chromedriverVersion=84.0.4147.30 (48b3e868b4cc0aa7e8149519690b6f6949e110a8-refs/branch-heads/4147@{#310}), userDataDir=/var/folders/gt/jhby3s911yn0krdbvk16f94m0000gn/T/.com.google.Chrome.6E3epe}, timeouts={implicit=0, pageLoad=300000, script=30000}, pageLoadStrategy=normal, unhandledPromptBehavior=dismiss and notify, strictFileInteractability=false, platform=MAC, proxy=Proxy(), goog:chromeOptions={debuggerAddress=localhost:53933}, acceptInsecureCerts=false, browserVersion=85.0.4183.121, browserName=chrome, javascriptEnabled=true, platformName=MAC, setWindowRect=true, webauthn:virtualAuthenticators=true}]
Session ID: 0a13deed9da2c59f1f550cb96fe2ec5a
*** Element info: {Using=xpath, value=//a[@title='free crm home' and @class='brand-']}
	at sun.reflect.NativeConstructorAccessorImpl.newInstance0(Native Method)
	at sun.reflect.NativeConstructorAccessorImpl.newInstance(NativeConstructorAccessorImpl.java:62)
	at sun.reflect.DelegatingConstructorAccessorImpl.newInstance(DelegatingConstructorAccessorImpl.java:45)
	at java.lang.reflect.Constructor.newInstance(Constructor.java:423)
	at org.openqa.selenium.remote.http.W3CHttpResponseCodec.createException(W3CHttpResponseCodec.java:185)
	at org.openqa.selenium.remote.http.W3CHttpResponseCodec.decode(W3CHttpResponseCodec.java:120)
	at org.openqa.selenium.remote.http.W3CHttpResponseCodec.decode(W3CHttpResponseCodec.java:49)
	at org.openqa.selenium.remote.HttpCommandExecutor.execute(HttpCommandExecutor.java:164)
	at org.openqa.selenium.remote.service.DriverCommandExecutor.execute(DriverCommandExecutor.java:82)
	at org.openqa.selenium.remote.RemoteWebDriver.execute(RemoteWebDriver.java:646)
	at org.openqa.selenium.remote.RemoteWebDriver.findElement(RemoteWebDriver.java:416)
	at org.openqa.selenium.remote.RemoteWebDriver.findElementByXPath(RemoteWebDriver.java:518)
	at org.openqa.selenium.By$ByXPath.findElement(By.java:361)
	at org.openqa.selenium.remote.RemoteWebDriver.findElement(RemoteWebDriver.java:408)
	at ExtentReportScreenshot.ExtentReportScreenshot.FreeCRMTest.freemCRMLogoTest(FreeCRMTest.java:100)
	at sun.reflect.NativeMethodAccessorImpl.invoke0(Native Method)
	at sun.reflect.NativeMethodAccessorImpl.invoke(NativeMethodAccessorImpl.java:62)
	at sun.reflect.DelegatingMethodAccessorImpl.invoke(DelegatingMethodAccessorImpl.java:43)
	at java.lang.reflect.Method.invoke(Method.java:498)
	at org.testng.internal.MethodInvocationHelper.invokeMethod(MethodInvocationHelper.java:108)
	at org.testng.internal.Invoker.invokeMethod(Invoker.java:661)
	at org.testng.internal.Invoker.invokeTestMethod(Invoker.java:869)
	at org.testng.internal.Invoker.invokeTestMethods(Invoker.java:1193)
	at org.testng.internal.TestMethodWorker.invokeTestMethods(TestMethodWorker.java:126)
	at org.testng.internal.TestMethodWorker.run(TestMethodWorker.java:109)
	at org.testng.TestRunner.privateRun(TestRunner.java:744)
	at org.testng.TestRunner.run(TestRunner.java:602)
	at org.testng.SuiteRunner.runTest(SuiteRunner.java:380)
	at org.testng.SuiteRunner.runSequentially(SuiteRunner.java:375)
	at org.testng.SuiteRunner.privateRun(SuiteRunner.java:340)
	at org.testng.SuiteRunner.run(SuiteRunner.java:289)
	at org.testng.SuiteRunnerWorker.runSuite(SuiteRunnerWorker.java:52)
	at org.testng.SuiteRunnerWorker.run(SuiteRunnerWorker.java:86)
	at org.testng.TestNG.runSuitesSequentially(TestNG.java:1301)
	at org.testng.TestNG.runSuitesLocally(TestNG.java:1226)
	at org.testng.TestNG.runSuites(TestNG.java:1144)
	at org.testng.TestNG.run(TestNG.java:1115)
	at org.testng.remote.AbstractRemoteTestNG.run(AbstractRemoteTestNG.java:115)
	at org.testng.remote.RemoteTestNG.initAndRun(RemoteTestNG.java:251)
	at org.testng.remote.RemoteTestNG.main(RemoteTestNG.java:77)
]]>
            </full-stacktrace>
          </exception> <!-- org.openqa.selenium.NoSuchElementException -->
          <reporter-output>
          </reporter-output>
        </test-method> <!-- freemCRMLogoTest -->
        <test-method status="PASS" signature="tearDown(org.testng.ITestResult)[pri:0, instance:ExtentReportScreenshot.ExtentReportScreenshot.FreeCRMTest@358c99f5]" name="tearDown" is-config="true" duration-ms="819" started-at="2020-10-03T21:12:31Z" finished-at="2020-10-03T21:12:31Z">
          <params>
            <param index="0">
              <value>
                <![CDATA[[TestResult name=freemCRMLogoTest status=FAILURE method=FreeCRMTest.freemCRMLogoTest()[pri:0, instance:ExtentReportScreenshot.ExtentReportScreenshot.FreeCRMTest@358c99f5] output={null}]]]>
              </value>
            </param>
          </params>
          <reporter-output>
          </reporter-output>
        </test-method> <!-- tearDown -->
        <test-method status="PASS" signature="endReport()[pri:0, instance:ExtentReportScreenshot.ExtentReportScreenshot.FreeCRMTest@358c99f5]" name="endReport" is-config="true" duration-ms="203" started-at="2020-10-03T21:12:31Z" finished-at="2020-10-03T21:12:32Z">
          <reporter-output>
          </reporter-output>
        </test-method> <!-- endReport -->
      </class> <!-- ExtentReportScreenshot.ExtentReportScreenshot.FreeCRMTest -->
    </test> <!-- Default test -->
  </suite> <!-- Default suite -->
</testng-results>
